<?xml version="1.0" encoding="UTF-8"?>
<!-- Generated by org.testng.reporters.JUnitReportReporter -->
<testsuite skipped="0" hostname="H21928.local" name="com.StagingFECheck.testCases.StagingFECheckCHF" tests="2" failures="0" timestamp="13 Apr 2022 03:14:59 GMT" time="10.988" errors="0">
  <testcase name="testStagingFECheckCHF" time="7.908" classname="com.StagingFECheck.testCases.StagingFECheckCHF"/>
  <testcase name="testStagingFECheckCHF" time="3.080" classname="com.StagingFECheck.testCases.StagingFECheckCHF"/>
</testsuite> <!-- com.StagingFECheck.testCases.StagingFECheckCHF -->
