<?xml version="1.0" encoding="UTF-8"?>
<!-- Generated by org.testng.reporters.JUnitReportReporter -->
<testsuite skipped="0" hostname="H21928.local" name="com.StagingFECheck.testCases.StagingFECheckCB" tests="2" failures="0" timestamp="13 Apr 2022 03:14:59 GMT" time="4.624" errors="0">
  <testcase name="testStagingFECheckCB" time="1.970" classname="com.StagingFECheck.testCases.StagingFECheckCB"/>
  <testcase name="testStagingFECheckCB" time="2.654" classname="com.StagingFECheck.testCases.StagingFECheckCB"/>
</testsuite> <!-- com.StagingFECheck.testCases.StagingFECheckCB -->
