<?xml version="1.0" encoding="UTF-8"?>
<!-- Generated by org.testng.reporters.JUnitReportReporter -->
<testsuite skipped="0" hostname="H21928.local" name="com.StagingFECheck.testCases.StagingFECheckFashion" tests="2" failures="0" timestamp="13 Apr 2022 03:14:59 GMT" time="13.366" errors="0">
  <testcase name="testStagingFECheckTL" time="6.063" classname="com.StagingFECheck.testCases.StagingFECheckFashion"/>
  <testcase name="testStagingFECheckTL" time="7.303" classname="com.StagingFECheck.testCases.StagingFECheckFashion"/>
</testsuite> <!-- com.StagingFECheck.testCases.StagingFECheckFashion -->
