<?xml version="1.0" encoding="UTF-8"?>
<!-- Generated by org.testng.reporters.JUnitReportReporter -->
<testsuite skipped="0" hostname="H21928.local" name="com.example.StagingFECheck.StagingFECheckCHE" tests="1" failures="0" timestamp="14 Mar 2022 19:28:51 GMT" time="7.009" errors="0">
  <testcase name="testStagingFECheckCHE" time="7.009" classname="com.example.StagingFECheck.StagingFECheckCHE"/>
</testsuite> <!-- com.example.StagingFECheck.StagingFECheckCHE -->
