<?xml version="1.0" encoding="UTF-8"?>
<!-- Generated by org.testng.reporters.JUnitReportReporter -->
<testsuite skipped="0" hostname="H21928.local" name="com.StagingFECheck.testCases.StagingFECheckTP" tests="2" failures="0" timestamp="13 Apr 2022 03:14:59 GMT" time="5.388" errors="0">
  <testcase name="testStagingFECheckTP" time="2.386" classname="com.StagingFECheck.testCases.StagingFECheckTP"/>
  <testcase name="testStagingFECheckTP" time="3.002" classname="com.StagingFECheck.testCases.StagingFECheckTP"/>
</testsuite> <!-- com.StagingFECheck.testCases.StagingFECheckTP -->
