<?xml version="1.0" encoding="UTF-8"?>
<!-- Generated by org.testng.reporters.JUnitReportReporter -->
<testsuite skipped="0" hostname="H21928.local" name="com.StagingFECheck.testCases.StagingFECheckCHE" tests="2" failures="0" timestamp="13 Apr 2022 03:14:59 GMT" time="10.548" errors="0">
  <testcase name="testStagingFECheckCHE" time="7.897" classname="com.StagingFECheck.testCases.StagingFECheckCHE"/>
  <testcase name="testStagingFECheckCHE" time="2.651" classname="com.StagingFECheck.testCases.StagingFECheckCHE"/>
</testsuite> <!-- com.StagingFECheck.testCases.StagingFECheckCHE -->
