<?xml version="1.0" encoding="UTF-8"?>
<!-- Generated by org.testng.reporters.JUnitReportReporter -->
<testsuite skipped="0" hostname="H21928.local" name="com.StagingFECheck.testCases.StagingFECheckMAC" tests="2" failures="0" timestamp="13 Apr 2022 03:14:59 GMT" time="5.595" errors="0">
  <testcase name="testStagingFECheckMAC" time="2.824" classname="com.StagingFECheck.testCases.StagingFECheckMAC"/>
  <testcase name="testStagingFECheckMAC" time="2.771" classname="com.StagingFECheck.testCases.StagingFECheckMAC"/>
</testsuite> <!-- com.StagingFECheck.testCases.StagingFECheckMAC -->
