<?xml version="1.0" encoding="UTF-8"?>
<!-- Generated by org.testng.reporters.JUnitReportReporter -->
<testsuite skipped="0" hostname="H21928.local" name="com.StagingFECheck.testCases.StagingFECheckCHF" tests="2" failures="0" timestamp="13 Apr 2022 03:54:23 GMT" time="6.107" errors="0">
  <testcase name="testStagingFECheckCHF" time="2.532" classname="com.StagingFECheck.testCases.StagingFECheckCHF"/>
  <testcase name="testStagingFECheckCHF" time="3.575" classname="com.StagingFECheck.testCases.StagingFECheckCHF"/>
</testsuite> <!-- com.StagingFECheck.testCases.StagingFECheckCHF -->
