<?xml version="1.0" encoding="UTF-8"?>
<!-- Generated by org.testng.reporters.JUnitReportReporter -->
<testsuite skipped="0" hostname="H21928.local" name="com.StagingFECheck.testCases.StagingFECheckTP" tests="2" failures="0" timestamp="13 Apr 2022 03:54:23 GMT" time="6.301" errors="0">
  <testcase name="testStagingFECheckTP" time="3.561" classname="com.StagingFECheck.testCases.StagingFECheckTP"/>
  <testcase name="testStagingFECheckTP" time="2.740" classname="com.StagingFECheck.testCases.StagingFECheckTP"/>
</testsuite> <!-- com.StagingFECheck.testCases.StagingFECheckTP -->
