<?xml version="1.0" encoding="UTF-8"?>
<!-- Generated by org.testng.reporters.JUnitReportReporter -->
<testsuite skipped="0" hostname="H21928.local" name="com.StagingFECheck.testCases.StagingFECheckCHE" tests="2" failures="0" timestamp="13 Apr 2022 03:54:23 GMT" time="5.251" errors="0">
  <testcase name="testStagingFECheckCHE" time="2.835" classname="com.StagingFECheck.testCases.StagingFECheckCHE"/>
  <testcase name="testStagingFECheckCHE" time="2.416" classname="com.StagingFECheck.testCases.StagingFECheckCHE"/>
</testsuite> <!-- com.StagingFECheck.testCases.StagingFECheckCHE -->
