<?xml version="1.0" encoding="UTF-8"?>
<!-- Generated by org.testng.reporters.JUnitReportReporter -->
<testsuite skipped="0" hostname="H21928.local" name="com.StagingFECheck.testCases.StagingFECheckFashion" tests="2" failures="0" timestamp="13 Apr 2022 03:54:23 GMT" time="13.994" errors="0">
  <testcase name="testStagingFECheckTL" time="7.569" classname="com.StagingFECheck.testCases.StagingFECheckFashion"/>
  <testcase name="testStagingFECheckTL" time="6.425" classname="com.StagingFECheck.testCases.StagingFECheckFashion"/>
</testsuite> <!-- com.StagingFECheck.testCases.StagingFECheckFashion -->
