<?xml version="1.0" encoding="UTF-8"?>
<!-- Generated by org.testng.reporters.JUnitReportReporter -->
<testsuite skipped="0" hostname="H21928.local" name="com.StagingFECheck.testCases.StagingFECheckCB" tests="2" failures="0" timestamp="13 Apr 2022 03:54:23 GMT" time="4.975" errors="0">
  <testcase name="testStagingFECheckCB" time="1.846" classname="com.StagingFECheck.testCases.StagingFECheckCB"/>
  <testcase name="testStagingFECheckCB" time="3.129" classname="com.StagingFECheck.testCases.StagingFECheckCB"/>
</testsuite> <!-- com.StagingFECheck.testCases.StagingFECheckCB -->
